<?xml version="1.0" encoding="UTF-8"?>
<testng-results ignored="0" total="1" passed="1" failed="0" skipped="0">
  <reporter-output>
  </reporter-output>
  <suite started-at="2023-03-20T13:46:56 IST" name="Default suite" finished-at="2023-03-20T13:48:37 IST" duration-ms="101181">
    <groups>
    </groups>
    <test started-at="2023-03-20T13:46:56 IST" name="Default test" finished-at="2023-03-20T13:48:37 IST" duration-ms="101181">
      <class name="coinmarketcap.tests.CryptocurrencyTest">
        <test-method is-config="true" signature="launchApplication()[pri:0, instance:coinmarketcap.tests.CryptocurrencyTest@11c9af63]" started-at="2023-03-20T13:46:56 IST" name="launchApplication" finished-at="2023-03-20T13:48:24 IST" duration-ms="87955" status="PASS">
          <reporter-output>
          </reporter-output>
        </test-method> <!-- launchApplication -->
        <test-method signature="testCyptocurrencyFilters()[pri:0, instance:coinmarketcap.tests.CryptocurrencyTest@11c9af63]" started-at="2023-03-20T13:48:24 IST" name="testCyptocurrencyFilters" finished-at="2023-03-20T13:48:36 IST" duration-ms="12294" status="PASS">
          <reporter-output>
          </reporter-output>
        </test-method> <!-- testCyptocurrencyFilters -->
        <test-method is-config="true" signature="afterMethod()[pri:0, instance:coinmarketcap.tests.CryptocurrencyTest@11c9af63]" started-at="2023-03-20T13:48:36 IST" name="afterMethod" finished-at="2023-03-20T13:48:37 IST" duration-ms="903" status="PASS">
          <reporter-output>
          </reporter-output>
        </test-method> <!-- afterMethod -->
      </class> <!-- coinmarketcap.tests.CryptocurrencyTest -->
    </test> <!-- Default test -->
  </suite> <!-- Default suite -->
</testng-results>
